Line 21: Property Icon in fNeoStat had an invalid file reference.
Line 36: Property Picture in pStatus had an invalid file reference.
Line 53: Property Picture in pStatus had an invalid file reference.
Line 70: Property Picture in pStatus had an invalid file reference.
Line 87: Property Picture in pStatus had an invalid file reference.
Line 104: Property Picture in pStatus had an invalid file reference.
Line 121: Property Picture in pStatus had an invalid file reference.
Line 140: Property Picture in pRed had an invalid file reference.
Line 154: Property Picture in pBlue had an invalid file reference.
Line 170: Property Picture in pCPU had an invalid file reference.
Line 188: Property Picture in pStatus had an invalid file reference.
Line 205: Property Picture in pStatus had an invalid file reference.
Line 222: Property Picture in pStatus had an invalid file reference.
Line 239: Property Picture in pStatus had an invalid file reference.
Line 256: Property Picture in pStatus had an invalid file reference.
Line 273: Property Picture in pStatus had an invalid file reference.
Line 290: Property Picture in pStatus had an invalid file reference.
Line 307: Property Picture in pStatus had an invalid file reference.
Line 324: Property Picture in pStatus had an invalid file reference.
Line 341: Property Picture in pStatus had an invalid file reference.
Line 358: Property Picture in pStatus had an invalid file reference.
Line 374: Property Picture in pAttDn had an invalid file reference.
Line 390: Property Picture in pDefDn had an invalid file reference.
Line 406: Property Picture in pAttUp had an invalid file reference.
Line 423: Property Picture in pStatus had an invalid file reference.
Line 439: Property Picture in pDefUp had an invalid file reference.
Line 456: Property Picture in pStatus had an invalid file reference.
Line 473: Property Picture in pStatus had an invalid file reference.
Line 490: Property Picture in pStatus had an invalid file reference.
Line 507: Property Picture in pStatus had an invalid file reference.
Line 524: Property Picture in pStatus had an invalid file reference.
Line 540: Property Picture in pL3 had an invalid file reference.
Line 556: Property Picture in pL2 had an invalid file reference.
Line 572: Property Picture in pL1 had an invalid file reference.
Line 607: Property Picture in pDead had an invalid file reference.
Line 624: Property Picture in pStatus had an invalid file reference.
